#
# A fatal error has been detected by the Java Runtime Environment:
#
#  Internal Error (javaClasses.cpp:124), pid=23604, tid=26164
#  fatal error: Invalid layout of preloaded class
#
# JRE version:  (8.0_05-b13) (build )
# Java VM: Java HotSpot(TM) 64-Bit Server VM (25.5-b02 mixed mode windows-amd64 compressed oops)
# Failed to write core dump. Minidumps are not enabled by default on client versions of Windows
#
# If you would like to submit a bug report, please visit:
#   http://bugreport.sun.com/bugreport/crash.jsp
#

---------------  T H R E A D  ---------------

Current thread (0x00000000025fe800):  JavaThread "Unknown thread" [_thread_in_vm, id=26164, stack(0x00000000028a0000,0x00000000029a0000)]

Stack: [0x00000000028a0000,0x00000000029a0000]
Native frames: (J=compiled Java code, j=interpreted, Vv=VM code, C=native code)
V  [jvm.dll+0x308dea]
V  [jvm.dll+0x25def1]
V  [jvm.dll+0x25eb0f]
V  [jvm.dll+0x256466]
V  [jvm.dll+0x5d33c]
V  [jvm.dll+0x5d433]
V  [jvm.dll+0x71d2a]
V  [jvm.dll+0x72088]
V  [jvm.dll+0xe1607]
V  [jvm.dll+0xe1996]
V  [jvm.dll+0x1f13e7]
V  [jvm.dll+0x2227c4]
V  [jvm.dll+0x149f71]
C  [javaw.exe+0x208a]
C  [javaw.exe+0xc9db]
C  [javaw.exe+0xca6f]
C  [kernel32.dll+0x159ed]
C  [ntdll.dll+0x2c541]


---------------  P R O C E S S  ---------------

Java Threads: ( => current thread )

Other Threads:

=>0x00000000025fe800 (exited) JavaThread "Unknown thread" [_thread_in_vm, id=26164, stack(0x00000000028a0000,0x00000000029a0000)]

VM state:not at safepoint (not fully initialized)

VM Mutex/Monitor currently owned by a thread: None

GC Heap History (0 events):
No events

Deoptimization events (0 events):
No events

Internal exceptions (0 events):
No events

Events (10 events):
Event: 0.007 loading class java/lang/CharSequence done
Event: 0.007 loading class java/lang/String done
Event: 0.007 loading class java/lang/Class
Event: 0.007 loading class java/lang/reflect/AnnotatedElement
Event: 0.007 loading class java/lang/reflect/AnnotatedElement done
Event: 0.007 loading class java/lang/reflect/GenericDeclaration
Event: 0.007 loading class java/lang/reflect/GenericDeclaration done
Event: 0.007 loading class java/lang/reflect/Type
Event: 0.007 loading class java/lang/reflect/Type done
Event: 0.007 loading class java/lang/Class done


Dynamic libraries:
0x000000013fe50000 - 0x000000013fe84000 	D:\Java\jre8\bin\javaw.exe
0x0000000077660000 - 0x0000000077809000 	C:\Windows\SYSTEM32\ntdll.dll
0x0000000077540000 - 0x000000007765f000 	C:\Windows\system32\kernel32.dll
0x000007fefd440000 - 0x000007fefd4ac000 	C:\Windows\system32\KERNELBASE.dll
0x000007fefd9c0000 - 0x000007fefda9b000 	C:\Windows\system32\ADVAPI32.dll
0x000007fefd920000 - 0x000007fefd9bf000 	C:\Windows\system32\msvcrt.dll
0x000007fefebc0000 - 0x000007fefebdf000 	C:\Windows\SYSTEM32\sechost.dll
0x000007fefe530000 - 0x000007fefe65d000 	C:\Windows\system32\RPCRT4.dll
0x0000000077440000 - 0x000000007753a000 	C:\Windows\system32\USER32.dll
0x000007fefeb50000 - 0x000007fefebb7000 	C:\Windows\system32\GDI32.dll
0x000007fefe1b0000 - 0x000007fefe1be000 	C:\Windows\system32\LPK.dll
0x000007fefde10000 - 0x000007fefded9000 	C:\Windows\system32\USP10.dll
0x000007fefbe30000 - 0x000007fefc024000 	C:\Windows\WinSxS\amd64_microsoft.windows.common-controls_6595b64144ccf1df_6.0.7601.17514_none_fa396087175ac9ac\COMCTL32.dll
0x000007fefe670000 - 0x000007fefe6e1000 	C:\Windows\system32\SHLWAPI.dll
0x000007fefe6f0000 - 0x000007fefe71e000 	C:\Windows\system32\IMM32.DLL
0x000007fefe7a0000 - 0x000007fefe8a9000 	C:\Windows\system32\MSCTF.dll
0x0000000077f20000 - 0x0000000077ff2000 	D:\Java\jre8\bin\msvcr100.dll
0x000000006fda0000 - 0x00000000705ca000 	D:\Java\jre8\bin\server\jvm.dll
0x000007fef7cc0000 - 0x000007fef7cc9000 	C:\Windows\system32\WSOCK32.dll
0x000007fefe8b0000 - 0x000007fefe8fd000 	C:\Windows\system32\WS2_32.dll
0x000007fefe660000 - 0x000007fefe668000 	C:\Windows\system32\NSI.dll
0x000007fef9610000 - 0x000007fef964b000 	C:\Windows\system32\WINMM.dll
0x0000000077820000 - 0x0000000077827000 	C:\Windows\system32\PSAPI.DLL
0x000000005f120000 - 0x000000005f12f000 	D:\Java\jre8\bin\verify.dll
0x0000000059080000 - 0x00000000590a8000 	D:\Java\jre8\bin\java.dll
0x00000000519b0000 - 0x00000000519c6000 	D:\Java\jre8\bin\zip.dll
0x000007fee1b90000 - 0x000007fee1cb5000 	C:\Windows\system32\dbghelp.dll

VM Arguments:
jvm_args: -Dfile.encoding=UTF-8 -Xbootclasspath:D:\sdk\platforms\android-21\android.jar 
java_command: org.wxc.fuckwechat.database.ContactsInfoDatabase
java_class_path (initial): C:\Users\ASUS\Desktop\workspace\·ÂÎ¢ÐÅ\bin\classes;C:\Users\ASUS\Desktop\workspace\·ÂÎ¢ÐÅ\libs\android-support-v4.jar;C:\Users\ASUS\Desktop\workspace\appcompat_v7\libs\android-support-v7-appcompat.jar;C:\Users\ASUS\Desktop\workspace\appcompat_v7\bin\appcompat_v7.jar
Launcher Type: SUN_STANDARD

Environment Variables:
JAVA_HOME=D:\glassfish4\jdk7
CLASSPATH=.;D:\glassfish4\jdk7\lib\dt.jar;D:\glassfish4\jdk7\lib\tools.jar;D:\Java\jdk1.8.0\lib\mysql-connector-java-5.0.4-bin.jar;D:\wxcwebdemo\WEB-INF\classes;D:\eclipse\plugins\org.apache.ant_1.8.4.v201303080030\bin;F:\workspace\DBHttpServer\WebContent\WEB-INF\lib\mysql-connector-java-5.0.4-bin.jar
PATH=C:\Program Files (x86)\NVIDIA Corporation\PhysX\Common;C:\Program Files (x86)\Intel\iCLS Client\;C:\Program Files\Intel\iCLS Client\;C:\Windows\system32;C:\Windows;C:\Windows\System32\Wbem;C:\Windows\System32\WindowsPowerShell\v1.0\;C:\Program Files\Intel\Intel(R) Management Engine Components\DAL;C:\Program Files\Intel\Intel(R) Management Engine Components\IPT;C:\Program Files (x86)\Intel\Intel(R) Management Engine Components\DAL;C:\Program Files (x86)\Intel\Intel(R) Management Engine Components\IPT;C:\Windows\Microsoft.NET\Framework64\v4.0.30319;C:\Program Files (x86)\Microsoft SQL Server\100\Tools\Binn\;C:\Program Files\Microsoft SQL Server\100\Tools\Binn\;C:\Program Files\Microsoft SQL Server\100\DTS\Binn\;C:\Program Files (x86)\Microsoft SQL Server\100\Tools\Binn\VSShell\Common7\IDE\;C:\Program Files (x86)\Microsoft SQL Server\100\DTS\Binn\;C:\Program Files (x86)\Microsoft Visual Studio 9.0\Common7\IDE\PrivateAssemblies\;D:\MATLAB7\bin\win32;C:\Program Files (x86)\Windows Kits\8.1\Windows Performance Toolkit\;C:\Program Files (x86)\Microsoft SDKs\TypeScript\1.0\;C:\Program Files\TortoiseSVN\bin;C:\Program Files (x86)\VisualSVN\bin;C:\Program Files (x86)\VisualSVN Server\bin;D:\glassfish4\jdk7\bin;D:\glassfish4\jdk7\jre\bin;D:\sdk\tools;D:\sdk\platform-tools;D:\sdk\build-tools;D:\Program Files (x86)\MySQL\MySQL Server 5.0\bin;C:\Program Files\Microsoft\Web Platform Installer\;D:\eclipse\plugins\org.apache.ant_1.8.4.v201303080030\bin;E:\Program Files (x86)\Rational\common;D:\Program Files (x86)\Microsoft Visual Studio\Common\Tools\WinNT;D:\Program Files (x86)\Microsoft Visual Studio\Common\MSDev98\Bin;D:\Program Files (x86)\Microsoft Visual Studio\Common\Tools;D:\Program Files (x86)\Microsoft Visual Studio\VC98\bin;F:\MYDOWNLOAD\DOTSPATIAL.FULL\PLUGINS\SPATIALITE;F:\MYDOWNLOAD\DOTSPATIAL.FULL\PLUGINS\SPATIALITE
USERNAME=ASUS
OS=Windows_NT
PROCESSOR_IDENTIFIER=Intel64 Family 6 Model 60 Stepping 3, GenuineIntel



---------------  S Y S T E M  ---------------

OS: Windows 7 , 64 bit Build 7601 Service Pack 1

CPU:total 8 (4 cores per cpu, 2 threads per core) family 6 model 60 stepping 3, cmov, cx8, fxsr, mmx, sse, sse2, sse3, ssse3, sse4.1, sse4.2, popcnt, avx, avx2, aes, clmul, erms, ht, tsc, tscinvbit

Memory: 4k page, physical 16713248k(9551724k free), swap 33424632k(23471768k free)

vm_info: Java HotSpot(TM) 64-Bit Server VM (25.5-b02) for windows-amd64 JRE (1.8.0_05-b13), built on Mar 18 2014 01:08:39 by "java_re" with MS VC++ 10.0 (VS2010)

time: Tue Jan 06 15:43:20 2015
elapsed time: 0 seconds

